<?xml version="1.0" encoding="UTF-8"?>
<!-- Generated by org.testng.reporters.JUnitXMLReporter -->
<testsuite ignored="0" hostname="DESKTOP-5116VPI" failures="1" tests="1" name="Compliance Tracker" time="23.822" errors="0" timestamp="2025-02-25T23:21:31 IST">
  <testcase classname="io.cucumber.testng.AbstractTestNGCucumberTests" name="runScenario" time="19.245">
    <failure type="java.lang.AssertionError" message="expected [Invalid Login Credentials.] but found [Verification code has been sent to the email VijaySuperAdmin@yopmail.com.]">
      <![CDATA[java.lang.AssertionError: expected [Invalid Login Credentials.] but found [Verification code has been sent to the email VijaySuperAdmin@yopmail.com.]
at com.example.hooks.TestHooks.setUp(TestHooks.java:108)
at com.example.steps.LoginLogoutStep.setUp(LoginLogoutStep.java:22)
... Removed 6 stack frames]]>
    </failure>
  </testcase> <!-- runScenario -->
</testsuite> <!-- Compliance Tracker -->
