<?xml version="1.0" encoding="UTF-8"?>
<testng-results ignored="0" total="1" passed="1" failed="0" skipped="0">
  <reporter-output>
  </reporter-output>
  <suite started-at="2025-03-01T13:36:10 IST" name="Automation" finished-at="2025-03-01T13:36:31 IST" duration-ms="21347">
    <groups>
      <group name="cucumber">
        <method signature="AbstractTestNGCucumberTests.runScenario(io.cucumber.testng.PickleWrapper,io.cucumber.testng.FeatureWrapper)[pri:0, instance:com.example.runners.RegistrationRunner@15888343]" name="runScenario" class="io.cucumber.testng.AbstractTestNGCucumberTests"/>
      </group> <!-- cucumber -->
    </groups>
    <test started-at="2025-03-01T13:36:10 IST" name="IncubyteTest" finished-at="2025-03-01T13:36:31 IST" duration-ms="21347">
      <class name="com.example.runners.RegistrationRunner">
        <test-method is-config="true" signature="setUpClass()[pri:0, instance:com.example.runners.RegistrationRunner@15888343]" started-at="2025-03-01T13:36:10 IST" name="setUpClass" finished-at="2025-03-01T13:36:11 IST" duration-ms="1392" status="PASS">
          <reporter-output>
          </reporter-output>
        </test-method> <!-- setUpClass -->
        <test-method signature="runScenario(io.cucumber.testng.PickleWrapper,io.cucumber.testng.FeatureWrapper)[pri:0, instance:com.example.runners.RegistrationRunner@15888343]" started-at="2025-03-01T13:36:11 IST" name="runScenario" description="Runs Cucumber Scenarios" data-provider="scenarios" finished-at="2025-03-01T13:36:30 IST" duration-ms="18463" status="PASS">
          <params>
            <param index="0">
              <value>
                <![CDATA["TC_1 - Open Registration Page"]]>
              </value>
            </param>
            <param index="1">
              <value>
                <![CDATA["Registration Feature"]]>
              </value>
            </param>
          </params>
          <reporter-output>
          </reporter-output>
        </test-method> <!-- runScenario -->
        <test-method is-config="true" signature="tearDownClass()[pri:0, instance:com.example.runners.RegistrationRunner@15888343]" started-at="2025-03-01T13:36:30 IST" name="tearDownClass" finished-at="2025-03-01T13:36:31 IST" duration-ms="1391" status="PASS">
          <reporter-output>
          </reporter-output>
        </test-method> <!-- tearDownClass -->
      </class> <!-- com.example.runners.RegistrationRunner -->
    </test> <!-- IncubyteTest -->
  </suite> <!-- Automation -->
</testng-results>
