<?xml version="1.0" encoding="UTF-8"?>
<!-- Generated by org.testng.reporters.JUnitReportReporter -->
<testsuite hostname="DESKTOP-GCKUP8E" failures="1" tests="11" name="com.example.runners.CompanyGroupRunner" time="461.330" errors="0" timestamp="2023-12-26T15:55:13 IST" skipped="0">
  <testcase classname="com.example.runners.CompanyGroupRunner" name="runScenario" time="40.025"/>
  <system-out/>
  <testcase classname="com.example.runners.CompanyGroupRunner" name="runScenario" time="43.544"/>
  <system-out/>
  <testcase classname="com.example.runners.CompanyGroupRunner" name="runScenario" time="41.333"/>
  <system-out/>
  <testcase classname="com.example.runners.CompanyGroupRunner" name="runScenario" time="43.448"/>
  <system-out/>
  <testcase classname="com.example.runners.CompanyGroupRunner" name="runScenario" time="41.032">
    <failure type="java.lang.AssertionError">
      <![CDATA[java.lang.AssertionError
at org.junit.Assert.fail(Assert.java:87)
at org.junit.Assert.fail(Assert.java:96)
at com.qa.workflow.CompanyGroup.addValidCompanyGroup(CompanyGroup.java:231)
at com.example.steps.CompanyGroupSteps.user_enters_all_the_valid_details_in_company_group(CompanyGroupSteps.java:73)
at ✽.user enters all the valid details in company group(file:///F:/ComplianceTracker/CT-Automation/src/test/resources/feature/CompanyGroup.feature:43)
]]>
    </failure>
  </testcase> <!-- runScenario -->
  <system-out/>
  <testcase classname="com.example.runners.CompanyGroupRunner" name="runScenario" time="39.104"/>
  <system-out/>
  <testcase classname="com.example.runners.CompanyGroupRunner" name="runScenario" time="41.613"/>
  <system-out/>
  <testcase classname="com.example.runners.CompanyGroupRunner" name="runScenario" time="41.715"/>
  <system-out/>
  <testcase classname="com.example.runners.CompanyGroupRunner" name="runScenario" time="39.843"/>
  <system-out/>
  <testcase classname="com.example.runners.CompanyGroupRunner" name="runScenario" time="44.386"/>
  <system-out/>
  <testcase classname="com.example.runners.CompanyGroupRunner" name="runScenario" time="45.287"/>
  <system-out/>
</testsuite> <!-- com.example.runners.CompanyGroupRunner -->
